<?xml version="1.0" encoding="UTF-8"?>
<!-- Generated by org.testng.reporters.JUnitReportReporter -->
<testsuite hostname="DESKTOP-62EHF2O" failures="0" tests="7" name="com.selenium.practice.HandlingWebElement2" time="46.075" errors="1" timestamp="2025-06-18T11:44:14 IST" skipped="0">
  <testcase classname="com.selenium.practice.HandlingWebElement2" name="dynamicWebTable2" time="0.000">
    <error message="
Parameter &#039;browser&#039; is required by @Test on method dynamicWebTable2 but has not been marked @Optional or defined
in C:\Users\Admin\AppData\Local\Temp\testng-eclipse-1871035972\testng-customsuite.xml" type="org.testng.TestNGException">
      <![CDATA[org.testng.TestNGException: 
Parameter 'browser' is required by @Test on method dynamicWebTable2 but has not been marked @Optional or defined
in C:\Users\Admin\AppData\Local\Temp\testng-eclipse-1871035972\testng-customsuite.xml
at org.testng.internal.Parameters.createParams(Parameters.java:267)
at org.testng.internal.Parameters.createParametersForMethod(Parameters.java:355)
at org.testng.internal.Parameters.createParameters(Parameters.java:684)
at org.testng.internal.Parameters.handleParameters(Parameters.java:879)
at org.testng.internal.Parameters.handleParameters(Parameters.java:728)
at org.testng.internal.invokers.ParameterHandler.handleParameters(ParameterHandler.java:72)
at org.testng.internal.invokers.ParameterHandler.createParameters(ParameterHandler.java:51)
at org.testng.internal.invokers.TestInvoker$MethodInvocationAgent.invoke(TestInvoker.java:924)
at org.testng.internal.invokers.TestInvoker.invokeTestMethods(TestInvoker.java:194)
at org.testng.internal.invokers.TestMethodWorker.invokeTestMethods(TestMethodWorker.java:148)
at org.testng.internal.invokers.TestMethodWorker.run(TestMethodWorker.java:128)
at java.base/java.util.ArrayList.forEach(ArrayList.java:1511)
at org.testng.TestRunner.privateRun(TestRunner.java:829)
at org.testng.TestRunner.run(TestRunner.java:602)
at org.testng.SuiteRunner.runTest(SuiteRunner.java:437)
at org.testng.SuiteRunner.runSequentially(SuiteRunner.java:431)
at org.testng.SuiteRunner.privateRun(SuiteRunner.java:391)
at org.testng.SuiteRunner.run(SuiteRunner.java:330)
at org.testng.SuiteRunnerWorker.runSuite(SuiteRunnerWorker.java:52)
at org.testng.SuiteRunnerWorker.run(SuiteRunnerWorker.java:95)
at org.testng.TestNG.runSuitesSequentially(TestNG.java:1256)
at org.testng.TestNG.runSuitesLocally(TestNG.java:1176)
at org.testng.TestNG.runSuites(TestNG.java:1099)
at org.testng.TestNG.run(TestNG.java:1067)
at org.testng.remote.AbstractRemoteTestNG.run(AbstractRemoteTestNG.java:115)
at org.testng.remote.RemoteTestNG.initAndRun(RemoteTestNG.java:251)
at org.testng.remote.RemoteTestNG.main(RemoteTestNG.java:77)
]]>
    </error>
  </testcase> <!-- dynamicWebTable2 -->
  <system-out/>
  <testcase classname="com.selenium.practice.HandlingWebElement2" name="copyPaste" time="5.728"/>
  <system-out/>
  <testcase classname="com.selenium.practice.HandlingWebElement2" name="takeScreenshot" time="4.747"/>
  <system-out/>
  <testcase classname="com.selenium.practice.HandlingWebElement2" name="shadowDOM" time="3.390"/>
  <system-out/>
  <testcase classname="com.selenium.practice.HandlingWebElement2" name="dynamicWebTable1" time="4.895"/>
  <system-out/>
  <testcase classname="com.selenium.practice.HandlingWebElement2" name="sliderDemo" time="5.905"/>
  <system-out/>
  <testcase classname="com.selenium.practice.HandlingWebElement2" name="findBrokenLinks" time="21.410"/>
  <system-out/>
</testsuite> <!-- com.selenium.practice.HandlingWebElement2 -->
